This is pdfTeX, Version 3.14159265-2.6-1.40.16 (TeX Live 2015/Debian) (preloaded format=pdftex 2016.3.24)  14 APR 2016 04:13
entering extended mode
 restricted \write18 enabled.
 %&-line parsing enabled.
**/home/masterp47/50_Environment/50k_Templates/60o-Jinja2_Qiuy/60o_PGFPlots_Qiuy_60o_Latex-30g-between.tex
(/home/masterp47/50_Environment/50k_Templates/60o-Jinja2_Qiuy/60o_PGFPlots_Qiuy_60o_Latex-30g-between.tex
! Undefined control sequence.
l.1 \documentclass
                  {\VAR{tq60kdocumentclass}}
The control sequence at the end of the top line
of your error message was never \def'ed. If you have
misspelled it (e.g., `\hobx'), type `I' and the correct
spelling (e.g., `I\hbox'). Otherwise just continue,
and I'll forget about whatever was undefined.

! Undefined control sequence.
l.1 \documentclass{\VAR
                       {tq60kdocumentclass}}
The control sequence at the end of the top line
of your error message was never \def'ed. If you have
misspelled it (e.g., `\hobx'), type `I' and the correct
spelling (e.g., `I\hbox'). Otherwise just continue,
and I'll forget about whatever was undefined.

! Undefined control sequence.
l.2 \usepackage
               {\VAR{tqpgfplottingtool}}
The control sequence at the end of the top line
of your error message was never \def'ed. If you have
misspelled it (e.g., `\hobx'), type `I' and the correct
spelling (e.g., `I\hbox'). Otherwise just continue,
and I'll forget about whatever was undefined.

! Undefined control sequence.
l.2 \usepackage{\VAR
                    {tqpgfplottingtool}}
The control sequence at the end of the top line
of your error message was never \def'ed. If you have
misspelled it (e.g., `\hobx'), type `I' and the correct
spelling (e.g., `I\hbox'). Otherwise just continue,
and I'll forget about whatever was undefined.

! Undefined control sequence.
l.4 \pgfplotsset
                {width=\VAR{tq40gsetimagesizespgfplot},compat=newest}
The control sequence at the end of the top line
of your error message was never \def'ed. If you have
misspelled it (e.g., `\hobx'), type `I' and the correct
spelling (e.g., `I\hbox'). Otherwise just continue,
and I'll forget about whatever was undefined.

! Undefined control sequence.
l.4 \pgfplotsset{width=\VAR
                           {tq40gsetimagesizespgfplot},compat=newest}
The control sequence at the end of the top line
of your error message was never \def'ed. If you have
misspelled it (e.g., `\hobx'), type `I' and the correct
spelling (e.g., `I\hbox'). Otherwise just continue,
and I'll forget about whatever was undefined.

! Undefined control sequence.
l.5 \usepgfplotslibrary
                       {\VAR{tq20flibrarypgfplots}}
The control sequence at the end of the top line
of your error message was never \def'ed. If you have
misspelled it (e.g., `\hobx'), type `I' and the correct
spelling (e.g., `I\hbox'). Otherwise just continue,
and I'll forget about whatever was undefined.

! Undefined control sequence.
l.5 \usepgfplotslibrary{\VAR
                            {tq20flibrarypgfplots}}
The control sequence at the end of the top line
of your error message was never \def'ed. If you have
misspelled it (e.g., `\hobx'), type `I' and the correct
spelling (e.g., `I\hbox'). Otherwise just continue,
and I'll forget about whatever was undefined.

! Undefined control sequence.
l.6 \usetikzlibrary
                   {\VAR{tq20flibrarytikz}}
The control sequence at the end of the top line
of your error message was never \def'ed. If you have
misspelled it (e.g., `\hobx'), type `I' and the correct
spelling (e.g., `I\hbox'). Otherwise just continue,
and I'll forget about whatever was undefined.

! Undefined control sequence.
l.6 \usetikzlibrary{\VAR
                        {tq20flibrarytikz}}
The control sequence at the end of the top line
of your error message was never \def'ed. If you have
misspelled it (e.g., `\hobx'), type `I' and the correct
spelling (e.g., `I\hbox'). Otherwise just continue,
and I'll forget about whatever was undefined.

! Undefined control sequence.
l.7 \usepgfplotslibrary
                       {\VAR{tq20flibrarypgfplots}}
The control sequence at the end of the top line
of your error message was never \def'ed. If you have
misspelled it (e.g., `\hobx'), type `I' and the correct
spelling (e.g., `I\hbox'). Otherwise just continue,
and I'll forget about whatever was undefined.

! Undefined control sequence.
l.7 \usepgfplotslibrary{\VAR
                            {tq20flibrarypgfplots}}
The control sequence at the end of the top line
of your error message was never \def'ed. If you have
misspelled it (e.g., `\hobx'), type `I' and the correct
spelling (e.g., `I\hbox'). Otherwise just continue,
and I'll forget about whatever was undefined.


Overfull \hbox (21.5239pt too wide) in paragraph at lines 1--8
[]\tenrm tq60kdocumentclass tqpgf-plot-ting-tool width=tq40gsetimagesizespgfplot,compat=newest tq20flibrarypgfplots|

\hbox(6.94444+1.94444)x469.75499, glue set - 1.0
.\hbox(0.0+0.0)x20.0
.\tenrm t
.\tenrm q
.\tenrm 6
.\tenrm 0
.etc.

! Undefined control sequence.
l.9 \pgfplotsset
                {
The control sequence at the end of the top line
of your error message was never \def'ed. If you have
misspelled it (e.g., `\hobx'), type `I' and the correct
spelling (e.g., `I\hbox'). Otherwise just continue,
and I'll forget about whatever was undefined.

! You can't use `macro parameter character #' in horizontal mode.
l.16 ...s/every first x axis line/.append style={#
                                                  1}},
Sorry, but I'm not programmed to handle this case;
I'll just pretend that you didn't ask for it.
If you're in the wrong mode, you might be able to
return to the right one by typing `I}' or `I$' or `I\par'.

! You can't use `macro parameter character #' in horizontal mode.
l.17 ...s/every first y axis line/.append style={#
                                                  1}},
Sorry, but I'm not programmed to handle this case;
I'll just pretend that you didn't ask for it.
If you're in the wrong mode, you might be able to
return to the right one by typing `I}' or `I$' or `I\par'.

! You can't use `macro parameter character #' in horizontal mode.
l.18 ...s/every first z axis line/.append style={#
                                                  1}},
Sorry, but I'm not programmed to handle this case;
I'll just pretend that you didn't ask for it.
If you're in the wrong mode, you might be able to
return to the right one by typing `I}' or `I$' or `I\par'.

! You can't use `macro parameter character #' in horizontal mode.
l.19 .../every second x axis line/.append style={#
                                                  1}},
Sorry, but I'm not programmed to handle this case;
I'll just pretend that you didn't ask for it.
If you're in the wrong mode, you might be able to
return to the right one by typing `I}' or `I$' or `I\par'.

! You can't use `macro parameter character #' in horizontal mode.
l.20 .../every second y axis line/.append style={#
                                                  1}},
Sorry, but I'm not programmed to handle this case;
I'll just pretend that you didn't ask for it.
If you're in the wrong mode, you might be able to
return to the right one by typing `I}' or `I$' or `I\par'.

! You can't use `macro parameter character #' in horizontal mode.
l.21 .../every second z axis line/.append style={#
                                                  1}}
Sorry, but I'm not programmed to handle this case;
I'll just pretend that you didn't ask for it.
If you're in the wrong mode, you might be able to
return to the right one by typing `I}' or `I$' or `I\par'.

! Undefined control sequence.
l.23 \makeatletter
                  
The control sequence at the end of the top line
of your error message was never \def'ed. If you have
misspelled it (e.g., `\hobx'), type `I' and the correct
spelling (e.g., `I\hbox'). Otherwise just continue,
and I'll forget about whatever was undefined.

! Undefined control sequence.
l.51 \makeatother
                 
The control sequence at the end of the top line
of your error message was never \def'ed. If you have
misspelled it (e.g., `\hobx'), type `I' and the correct
spelling (e.g., `I\hbox'). Otherwise just continue,
and I'll forget about whatever was undefined.

! Undefined control sequence.
l.52 \begin
           {document}
The control sequence at the end of the top line
of your error message was never \def'ed. If you have
misspelled it (e.g., `\hobx'), type `I' and the correct
spelling (e.g., `I\hbox'). Otherwise just continue,
and I'll forget about whatever was undefined.

! Undefined control sequence.
l.53 \pgfplotstableread
                       
The control sequence at the end of the top line
of your error message was never \def'ed. If you have
misspelled it (e.g., `\hobx'), type `I' and the correct
spelling (e.g., `I\hbox'). Otherwise just continue,
and I'll forget about whatever was undefined.

! Undefined control sequence.
l.54 {\VAR
          {tq20tdatafile}}
The control sequence at the end of the top line
of your error message was never \def'ed. If you have
misspelled it (e.g., `\hobx'), type `I' and the correct
spelling (e.g., `I\hbox'). Otherwise just continue,
and I'll forget about whatever was undefined.

! Argument of \\ has an extra }.
<inserted text> 
                \par 
<to be read again> 
                   }
l.55     {\\VAR{tq50nfacets}}
                             
I've run across a `}' that doesn't seem to match anything.
For example, `\def\a#1{...}' and `\a}' would produce
this error. If you simply proceed now, the `\par' that
I've just inserted will cause me to report a runaway
argument that might be the root of the problem. But if
your `}' was spurious, just type `2' and it will go away.

Runaway argument?
VAR{tq50nfacets}
! Paragraph ended before \\ was complete.
<to be read again> 
                   \par 
<to be read again> 
                   }
l.55     {\\VAR{tq50nfacets}}
                             
I suspect you've forgotten a `}', causing me to apply this
control sequence to too much text. How can we recover?
My plan is to forget the whole thing and hope for the best.


Overfull \hbox (7.80151pt too wide) in paragraph at lines 10--55
\tenrm style/.style=/pgfplots/every sec-ond y axis line/.append style=1, sec-ond z axis line style/.style=/pgfplots/every|

\hbox(7.5+2.5)x469.75499, glue set - 1.0
.\tenrm s
.\tenrm t
.\kern-0.27779
.\tenrm y
.\tenrm l
.etc.

! Undefined control sequence.
l.59 \begin
           {tikzpicture}
The control sequence at the end of the top line
of your error message was never \def'ed. If you have
misspelled it (e.g., `\hobx'), type `I' and the correct
spelling (e.g., `I\hbox'). Otherwise just continue,
and I'll forget about whatever was undefined.

! Undefined control sequence.
l.60     \pgfplotsset
                     {%
The control sequence at the end of the top line
of your error message was never \def'ed. If you have
misspelled it (e.g., `\hobx'), type `I' and the correct
spelling (e.g., `I\hbox'). Otherwise just continue,
and I'll forget about whatever was undefined.

! Undefined control sequence.
l.61         \VAR
                 {tq50iargumentset60opgfplot},%
The control sequence at the end of the top line
of your error message was never \def'ed. If you have
misspelled it (e.g., `\hobx'), type `I' and the correct
spelling (e.g., `I\hbox'). Otherwise just continue,
and I'll forget about whatever was undefined.

! Undefined control sequence.
l.63 \begin
           {axis}[
The control sequence at the end of the top line
of your error message was never \def'ed. If you have
misspelled it (e.g., `\hobx'), type `I' and the correct
spelling (e.g., `I\hbox'). Otherwise just continue,
and I'll forget about whatever was undefined.

! Undefined control sequence.
l.64     \VAR
             {tq30gaxis60opgfplot},%
The control sequence at the end of the top line
of your error message was never \def'ed. If you have
misspelled it (e.g., `\hobx'), type `I' and the correct
spelling (e.g., `I\hbox'). Otherwise just continue,
and I'll forget about whatever was undefined.

! Undefined control sequence.
l.66     \addplot
                 [%
The control sequence at the end of the top line
of your error message was never \def'ed. If you have
misspelled it (e.g., `\hobx'), type `I' and the correct
spelling (e.g., `I\hbox'). Otherwise just continue,
and I'll forget about whatever was undefined.

! Undefined control sequence.
l.67         \VAR
                 {tq50iargumentsetlocalpgfplot},%
The control sequence at the end of the top line
of your error message was never \def'ed. If you have
misspelled it (e.g., `\hobx'), type `I' and the correct
spelling (e.g., `I\hbox'). Otherwise just continue,
and I'll forget about whatever was undefined.

! Undefined control sequence.
l.69         \VAR
                 {tq5iargumentsettablepgfplot},%
The control sequence at the end of the top line
of your error message was never \def'ed. If you have
misspelled it (e.g., `\hobx'), type `I' and the correct
spelling (e.g., `I\hbox'). Otherwise just continue,
and I'll forget about whatever was undefined.

! Argument of \\ has an extra }.
<inserted text> 
                \par 
<to be read again> 
                   }
l.70     ] from {\\VAR{tq50n-facets}}
                                     ;
I've run across a `}' that doesn't seem to match anything.
For example, `\def\a#1{...}' and `\a}' would produce
this error. If you simply proceed now, the `\par' that
I've just inserted will cause me to report a runaway
argument that might be the root of the problem. But if
your `}' was spurious, just type `2' and it will go away.

Runaway argument?
VAR{tq50n-facets}
! Paragraph ended before \\ was complete.
<to be read again> 
                   \par 
<to be read again> 
                   }
l.70     ] from {\\VAR{tq50n-facets}}
                                     ;
I suspect you've forgotten a `}', causing me to apply this
control sequence to too much text. How can we recover?
My plan is to forget the whole thing and hope for the best.

! Undefined control sequence.
l.71     \addplot
                 [%
The control sequence at the end of the top line
of your error message was never \def'ed. If you have
misspelled it (e.g., `\hobx'), type `I' and the correct
spelling (e.g., `I\hbox'). Otherwise just continue,
and I'll forget about whatever was undefined.

! Undefined control sequence.
l.72         \VAR
                 {tq50iargumentsetlocalpgfplot},%
The control sequence at the end of the top line
of your error message was never \def'ed. If you have
misspelled it (e.g., `\hobx'), type `I' and the correct
spelling (e.g., `I\hbox'). Otherwise just continue,
and I'll forget about whatever was undefined.

! Undefined control sequence.
l.74     \addplot
                 [%
The control sequence at the end of the top line
of your error message was never \def'ed. If you have
misspelled it (e.g., `\hobx'), type `I' and the correct
spelling (e.g., `I\hbox'). Otherwise just continue,
and I'll forget about whatever was undefined.

! Undefined control sequence.
l.75         \VAR
                 {tq50iargumentsetlocalpgfplot},%
The control sequence at the end of the top line
of your error message was never \def'ed. If you have
misspelled it (e.g., `\hobx'), type `I' and the correct
spelling (e.g., `I\hbox'). Otherwise just continue,
and I'll forget about whatever was undefined.


Overfull \hbox (58.73589pt too wide) in paragraph at lines 70--79
[]\tenrm ; [tq50iargumentsetlocalpgfplot,] 0.5; [tq50iargumentsetlocalpgfplot,] fill be-tween[of=A and B,soft clip=domain=1:11]; |

\hbox(7.5+2.5)x469.75499, glue set - 1.0
.\hbox(0.0+0.0)x20.0
.\tenrm ;
.\glue 3.33333 plus 2.49998 minus 0.74074
.\tenrm [
.\tenrm t
.etc.

[1{/var/lib/texmf/fonts/map/pdftex/updmap/pdftex.map}] )</usr/share/texlive/texmf-dist/fonts/type1/public/amsfonts/cm/cmr10.pfb>
Output written on /home/masterp47/50_Environment/50k_Templates/60o-Jinja2_Qiuy/.tmp/cueFHj/60o_PGFPlots_Qiuy_60o_Latex-30g-between.pdf (1 page, 19690 bytes).
PDF statistics:
 12 PDF objects out of 1000 (max. 8388607)
 7 compressed objects within 1 object stream
 0 named destinations out of 1000 (max. 500000)
 1 words of extra memory for PDF output out of 10000 (max. 10000000)

